Arguments: 
  /Users/amclean/.nvm/versions/node/v14.17.1/bin/node /usr/local/Cellar/yarn/1.22.10/libexec/bin/yarn.js install

PATH: 
  /Users/amclean/.nvm/versions/node/v14.17.1/bin:/usr/local/bin:/usr/bin:/bin:/usr/sbin:/sbin

Yarn version: 
  1.22.10

Node version: 
  14.17.1

Platform: 
  darwin x64

Trace: 
  SyntaxError: /Users/amclean/Documents/Code/Sandboxes/NXMonoRepo/package.json: Unexpected token } in JSON at position 258
      at JSON.parse (<anonymous>)
      at /usr/local/Cellar/yarn/1.22.10/libexec/lib/cli.js:1625:59
      at Generator.next (<anonymous>)
      at step (/usr/local/Cellar/yarn/1.22.10/libexec/lib/cli.js:310:30)
      at /usr/local/Cellar/yarn/1.22.10/libexec/lib/cli.js:321:13

npm manifest: 
  {
      "name": "@amclean/nx-colon-target-issue",
      "version": "0.1.0",
      "private": true,
      "workspaces": [
          "apps/*",
          "packages/*"
      ],
      "scripts": {
        "build": "vue-cli-service build",
        "lint": "vue-cli-service lint",
      },
      "dependencies": {
      },
      "devDependencies": {
      }
    }

yarn manifest: 
  No manifest

Lockfile: 
  No lockfile
